<?xml version="1.0" encoding="UTF-8"?>
<!-- Generated by org.testng.reporters.JUnitXMLReporter -->
<testsuite ignored="0" hostname="DESKTOP-MSPM6D0" failures="0" tests="6" name="Default test" time="13.394" errors="0" timestamp="2025-03-06T13:01:38 IST">
  <testcase classname="api.test.DDTests" name="testPostUser" time="3.519"/>
  <testcase classname="api.test.DDTests" name="testPostUser" time="1.476"/>
  <testcase classname="api.test.DDTests" name="testPostUser" time="1.528"/>
  <testcase classname="api.test.DDTests" name="testDeletUserByName" time="1.576"/>
  <testcase classname="api.test.DDTests" name="testDeletUserByName" time="1.534"/>
  <testcase classname="api.test.DDTests" name="testDeletUserByName" time="1.539"/>
</testsuite> <!-- Default test -->
