<?xml version="1.0" encoding="UTF-8"?>
<!-- Generated by org.testng.reporters.JUnitXMLReporter -->
<testsuite ignored="0" hostname="DESKTOP-MSPM6D0" failures="0" tests="4" name="Tests" time="10.963" errors="0" timestamp="2025-03-07T00:36:48 IST">
  <testcase classname="api.test.UserTest2" name="testPostUser" time="2.657"/>
  <testcase classname="api.test.UserTest2" name="testGetUserByName" time="1.561"/>
  <testcase classname="api.test.UserTest2" name="testUpdateUserByName" time="3.954"/>
  <testcase classname="api.test.UserTest2" name="testDeleteUserByName" time="2.035"/>
</testsuite> <!-- Tests -->
