<?xml version="1.0" encoding="UTF-8"?>
<testng-results ignored="0" total="4" passed="4" failed="0" skipped="0">
  <reporter-output>
  </reporter-output>
  <suite started-at="2025-03-07T00:36:36 IST" name="Suite" finished-at="2025-03-07T00:36:47 IST" duration-ms="10963">
    <groups>
    </groups>
    <test started-at="2025-03-07T00:36:36 IST" name="Tests" finished-at="2025-03-07T00:36:47 IST" duration-ms="10963">
      <class name="api.test.UserTest2">
        <test-method is-config="true" signature="setupData()[pri:0, instance:api.test.UserTest2@7161d8d1]" started-at="2025-03-07T00:36:37 IST" name="setupData" finished-at="2025-03-07T00:36:37 IST" duration-ms="536" status="PASS">
          <reporter-output>
          </reporter-output>
        </test-method> <!-- setupData -->
        <test-method signature="testPostUser()[pri:1, instance:api.test.UserTest2@7161d8d1]" started-at="2025-03-07T00:36:37 IST" name="testPostUser" finished-at="2025-03-07T00:36:40 IST" duration-ms="2657" status="PASS">
          <reporter-output>
          </reporter-output>
        </test-method> <!-- testPostUser -->
        <test-method signature="testGetUserByName()[pri:2, instance:api.test.UserTest2@7161d8d1]" started-at="2025-03-07T00:36:40 IST" name="testGetUserByName" finished-at="2025-03-07T00:36:41 IST" duration-ms="1561" status="PASS">
          <reporter-output>
          </reporter-output>
        </test-method> <!-- testGetUserByName -->
        <test-method signature="testUpdateUserByName()[pri:3, instance:api.test.UserTest2@7161d8d1]" started-at="2025-03-07T00:36:41 IST" name="testUpdateUserByName" finished-at="2025-03-07T00:36:45 IST" duration-ms="3954" status="PASS">
          <reporter-output>
          </reporter-output>
        </test-method> <!-- testUpdateUserByName -->
        <test-method signature="testDeleteUserByName()[pri:4, instance:api.test.UserTest2@7161d8d1]" started-at="2025-03-07T00:36:45 IST" name="testDeleteUserByName" finished-at="2025-03-07T00:36:47 IST" duration-ms="2035" status="PASS">
          <reporter-output>
          </reporter-output>
        </test-method> <!-- testDeleteUserByName -->
      </class> <!-- api.test.UserTest2 -->
    </test> <!-- Tests -->
  </suite> <!-- Suite -->
</testng-results>
