<?xml version="1.0" encoding="UTF-8"?>
<testng-results ignored="0" total="4" passed="4" failed="0" skipped="0">
  <reporter-output>
  </reporter-output>
  <suite started-at="2025-03-06T18:51:20 IST" name="Suite" finished-at="2025-03-06T18:51:29 IST" duration-ms="9047">
    <groups>
    </groups>
    <test started-at="2025-03-06T18:51:20 IST" name="Tests" finished-at="2025-03-06T18:51:29 IST" duration-ms="9047">
      <class name="api.test.UserTest2">
        <test-method is-config="true" signature="setupData()[pri:0, instance:api.test.UserTest2@1a245833]" started-at="2025-03-06T18:51:20 IST" name="setupData" finished-at="2025-03-06T18:51:21 IST" duration-ms="495" status="PASS">
          <reporter-output>
          </reporter-output>
        </test-method> <!-- setupData -->
        <test-method signature="testPostUser()[pri:1, instance:api.test.UserTest2@1a245833]" started-at="2025-03-06T18:51:21 IST" name="testPostUser" finished-at="2025-03-06T18:51:23 IST" duration-ms="2682" status="PASS">
          <reporter-output>
          </reporter-output>
        </test-method> <!-- testPostUser -->
        <test-method signature="testGetUserByName()[pri:2, instance:api.test.UserTest2@1a245833]" started-at="2025-03-06T18:51:23 IST" name="testGetUserByName" finished-at="2025-03-06T18:51:25 IST" duration-ms="1474" status="PASS">
          <reporter-output>
          </reporter-output>
        </test-method> <!-- testGetUserByName -->
        <test-method signature="testUpdateUserByName()[pri:3, instance:api.test.UserTest2@1a245833]" started-at="2025-03-06T18:51:25 IST" name="testUpdateUserByName" finished-at="2025-03-06T18:51:28 IST" duration-ms="2798" status="PASS">
          <reporter-output>
          </reporter-output>
        </test-method> <!-- testUpdateUserByName -->
        <test-method signature="testDeleteUserByName()[pri:4, instance:api.test.UserTest2@1a245833]" started-at="2025-03-06T18:51:28 IST" name="testDeleteUserByName" finished-at="2025-03-06T18:51:29 IST" duration-ms="1386" status="PASS">
          <reporter-output>
          </reporter-output>
        </test-method> <!-- testDeleteUserByName -->
      </class> <!-- api.test.UserTest2 -->
    </test> <!-- Tests -->
  </suite> <!-- Suite -->
</testng-results>
