<?xml version="1.0" encoding="UTF-8"?>
<!-- Generated by org.testng.reporters.JUnitReportReporter -->
<testsuite hostname="DESKTOP-MSPM6D0" failures="0" tests="4" name="api.test.UserTest2" time="8.340" errors="0" timestamp="2025-03-06T18:51:29 IST" skipped="0">
  <testcase classname="api.test.UserTest2" name="testPostUser" time="2.682"/>
  <testcase classname="api.test.UserTest2" name="testGetUserByName" time="1.474"/>
  <testcase classname="api.test.UserTest2" name="testUpdateUserByName" time="2.798"/>
  <testcase classname="api.test.UserTest2" name="testDeleteUserByName" time="1.386"/>
</testsuite> <!-- api.test.UserTest2 -->
